<?xml version="1.0" encoding="UTF-8"?>
<!-- Generated by org.testng.reporters.JUnitReportReporter -->
<testsuite skipped="0" hostname="krupa-HP-EliteBook-840-G3" name="com.TwitterAPI.GetTweet" tests="1" failures="0" timestamp="12 Jul 2018 17:21:13 GMT" time="2.755" errors="0">
  <testcase name="getLatestTweet" time="2.755" classname="com.TwitterAPI.GetTweet"/>
</testsuite> <!-- com.TwitterAPI.GetTweet -->
