<?xml version="1.0" encoding="UTF-8"?>
<!-- Generated by org.testng.reporters.JUnitReportReporter -->
<testsuite skipped="0" hostname="krupa-HP-EliteBook-840-G3" name="com.TwitterAPI.CreateTweet" tests="1" failures="0" timestamp="12 Jul 2018 17:22:06 GMT" time="2.762" errors="0">
  <testcase name="createTweet" time="2.762" classname="com.TwitterAPI.CreateTweet"/>
</testsuite> <!-- com.TwitterAPI.CreateTweet -->
