<?xml version="1.0" encoding="UTF-8"?>
<!-- Generated by org.testng.reporters.JUnitReportReporter -->
<testsuite skipped="0" hostname="krupa-HP-EliteBook-840-G3" name="com.TwitterAPI.DeleteTweet" tests="3" failures="0" timestamp="12 Jul 2018 16:38:40 GMT" time="4.038" errors="0">
  <testcase name="createTestTweet" time="0.466" classname="com.TwitterAPI.DeleteTweet"/>
  <testcase name="getLatestTweet" time="0.446" classname="com.TwitterAPI.DeleteTweet"/>
  <testcase name="E2E" time="3.126" classname="com.TwitterAPI.DeleteTweet"/>
</testsuite> <!-- com.TwitterAPI.DeleteTweet -->
